<?xml version="1.0" encoding="UTF-8"?>
<testsuite name="BraceCheckerTests" tests="4" skipped="0" failures="0" errors="0" timestamp="2017-12-04T10:10:06" hostname="AdamB" time="0.003">
  <properties/>
  <testcase name="testInvalid1" classname="BraceCheckerTests" time="0.001"/>
  <testcase name="testInvalid2" classname="BraceCheckerTests" time="0.0"/>
  <testcase name="testValid1" classname="BraceCheckerTests" time="0.0"/>
  <testcase name="testValid2" classname="BraceCheckerTests" time="0.0"/>
  <system-out><![CDATA[]]></system-out>
  <system-err><![CDATA[]]></system-err>
</testsuite>
